# JRE version: Java(TM) SE Runtime Environment (8.0_181-b13) (build 1.8.0_181-b13)
# Java VM: Java HotSpot(TM) 64-Bit Server VM (25.181-b13 mixed mode windows-amd64 compressed oops)
Heap:
 PSYoungGen      total 6656K, used 3038K [0x00000000e0700000, 0x00000000e1a00000, 0x0000000100000000)
  eden space 6144K, 49% used [0x00000000e0700000,0x00000000e09f79c0,0x00000000e0d00000)
  from space 512K, 0% used [0x00000000e0d00000,0x00000000e0d00000,0x00000000e0d80000)
  to   space 3584K, 0% used [0x00000000e1680000,0x00000000e1680000,0x00000000e1a00000)
 ParOldGen       total 10752K, used 4831K [0x00000000a1400000, 0x00000000a1e80000, 0x00000000e0700000)
  object space 10752K, 44% used [0x00000000a1400000,0x00000000a18b7e90,0x00000000a1e80000)
 Metaspace       used 7399K, capacity 8180K, committed 8448K, reserved 1056768K
  class space    used 909K, capacity 944K, committed 1024K, reserved 1048576K
GC Heap History (10 events):
Event: 0.130 GC heap before
{Heap before GC invocations=2 (full 0):
 PSYoungGen      total 2048K, used 2016K [0x00000000e0700000, 0x00000000e0b00000, 0x0000000100000000)
  eden space 1536K, 100% used [0x00000000e0700000,0x00000000e0880000,0x00000000e0880000)
  from space 512K, 93% used [0x00000000e0880000,0x00000000e08f8020,0x00000000e0900000)
  to   space 512K, 0% used [0x00000000e0a80000,0x00000000e0a80000,0x00000000e0b00000)
 ParOldGen       total 5632K, used 40K [0x00000000a1400000, 0x00000000a1980000, 0x00000000e0700000)
  object space 5632K, 0% used [0x00000000a1400000,0x00000000a140a000,0x00000000a1980000)
 Metaspace       used 4113K, capacity 5388K, committed 5760K, reserved 1056768K
  class space    used 489K, capacity 520K, committed 640K, reserved 1048576K
Event: 0.131 GC heap after
Heap after GC invocations=2 (full 0):
 PSYoungGen      total 3584K, used 512K [0x00000000e0700000, 0x00000000e0b00000, 0x0000000100000000)
  eden space 3072K, 0% used [0x00000000e0700000,0x00000000e0700000,0x00000000e0a00000)
  from space 512K, 100% used [0x00000000e0a80000,0x00000000e0b00000,0x00000000e0b00000)
  to   space 512K, 0% used [0x00000000e0a00000,0x00000000e0a00000,0x00000000e0a80000)
 ParOldGen       total 5632K, used 72K [0x00000000a1400000, 0x00000000a1980000, 0x00000000e0700000)
  object space 5632K, 1% used [0x00000000a1400000,0x00000000a1412000,0x00000000a1980000)
 Metaspace       used 4113K, capacity 5388K, committed 5760K, reserved 1056768K
  class space    used 489K, capacity 520K, committed 640K, reserved 1048576K
}
Event: 0.185 GC heap before
{Heap before GC invocations=3 (full 0):
 PSYoungGen      total 3584K, used 3564K [0x00000000e0700000, 0x00000000e0b00000, 0x0000000100000000)
  eden space 3072K, 99% used [0x00000000e0700000,0x00000000e09fb228,0x00000000e0a00000)
  from space 512K, 100% used [0x00000000e0a80000,0x00000000e0b00000,0x00000000e0b00000)
  to   space 512K, 0% used [0x00000000e0a00000,0x00000000e0a00000,0x00000000e0a80000)
 ParOldGen       total 5632K, used 72K [0x00000000a1400000, 0x00000000a1980000, 0x00000000e0700000)
  object space 5632K, 1% used [0x00000000a1400000,0x00000000a1412000,0x00000000a1980000)
 Metaspace       used 5075K, capacity 6284K, committed 6656K, reserved 1056768K
  class space    used 624K, capacity 648K, committed 768K, reserved 1048576K
Event: 0.186 GC heap after
Heap after GC invocations=3 (full 0):
 PSYoungGen      total 3584K, used 511K [0x00000000e0700000, 0x00000000e0e00000, 0x0000000100000000)
  eden space 3072K, 0% used [0x00000000e0700000,0x00000000e0700000,0x00000000e0a00000)
  from space 512K, 99% used [0x00000000e0a00000,0x00000000e0a7fc10,0x00000000e0a80000)
  to   space 512K, 0% used [0x00000000e0d80000,0x00000000e0d80000,0x00000000e0e00000)
 ParOldGen       total 5632K, used 604K [0x00000000a1400000, 0x00000000a1980000, 0x00000000e0700000)
  object space 5632K, 10% used [0x00000000a1400000,0x00000000a1497040,0x00000000a1980000)
 Metaspace       used 5075K, capacity 6284K, committed 6656K, reserved 1056768K
  class space    used 624K, capacity 648K, committed 768K, reserved 1048576K
}
Event: 0.241 GC heap before
{Heap before GC invocations=4 (full 0):
 PSYoungGen      total 3584K, used 3583K [0x00000000e0700000, 0x00000000e0e00000, 0x0000000100000000)
  eden space 3072K, 100% used [0x00000000e0700000,0x00000000e0a00000,0x00000000e0a00000)
  from space 512K, 99% used [0x00000000e0a00000,0x00000000e0a7fc10,0x00000000e0a80000)
  to   space 512K, 0% used [0x00000000e0d80000,0x00000000e0d80000,0x00000000e0e00000)
 ParOldGen       total 5632K, used 604K [0x00000000a1400000, 0x00000000a1980000, 0x00000000e0700000)
  object space 5632K, 10% used [0x00000000a1400000,0x00000000a1497040,0x00000000a1980000)
 Metaspace       used 6169K, capacity 7278K, committed 7552K, reserved 1056768K
  class space    used 777K, capacity 810K, committed 896K, reserved 1048576K
Event: 0.242 GC heap after
Heap after GC invocations=4 (full 0):
 PSYoungGen      total 6656K, used 512K [0x00000000e0700000, 0x00000000e0e00000, 0x0000000100000000)
  eden space 6144K, 0% used [0x00000000e0700000,0x00000000e0700000,0x00000000e0d00000)
  from space 512K, 100% used [0x00000000e0d80000,0x00000000e0e00000,0x00000000e0e00000)
  to   space 512K, 0% used [0x00000000e0d00000,0x00000000e0d00000,0x00000000e0d80000)
 ParOldGen       total 5632K, used 896K [0x00000000a1400000, 0x00000000a1980000, 0x00000000e0700000)
  object space 5632K, 15% used [0x00000000a1400000,0x00000000a14e0070,0x00000000a1980000)
 Metaspace       used 6169K, capacity 7278K, committed 7552K, reserved 1056768K
  class space    used 777K, capacity 810K, committed 896K, reserved 1048576K
}
Event: 0.320 GC heap before
{Heap before GC invocations=5 (full 0):
 PSYoungGen      total 6656K, used 6656K [0x00000000e0700000, 0x00000000e0e00000, 0x0000000100000000)
  eden space 6144K, 100% used [0x00000000e0700000,0x00000000e0d00000,0x00000000e0d00000)
  from space 512K, 100% used [0x00000000e0d80000,0x00000000e0e00000,0x00000000e0e00000)
  to   space 512K, 0% used [0x00000000e0d00000,0x00000000e0d00000,0x00000000e0d80000)
 ParOldGen       total 5632K, used 896K [0x00000000a1400000, 0x00000000a1980000, 0x00000000e0700000)
  object space 5632K, 15% used [0x00000000a1400000,0x00000000a14e0070,0x00000000a1980000)
 Metaspace       used 7317K, capacity 8180K, committed 8448K, reserved 1056768K
  class space    used 897K, capacity 944K, committed 1024K, reserved 1048576K
Event: 0.323 GC heap after
Heap after GC invocations=5 (full 0):
 PSYoungGen      total 6656K, used 512K [0x00000000e0700000, 0x00000000e1a00000, 0x0000000100000000)
  eden space 6144K, 0% used [0x00000000e0700000,0x00000000e0700000,0x00000000e0d00000)
  from space 512K, 100% used [0x00000000e0d00000,0x00000000e0d80000,0x00000000e0d80000)
  to   space 3584K, 0% used [0x00000000e1680000,0x00000000e1680000,0x00000000e1a00000)
 ParOldGen       total 5632K, used 4500K [0x00000000a1400000, 0x00000000a1980000, 0x00000000e0700000)
  object space 5632K, 79% used [0x00000000a1400000,0x00000000a1865000,0x00000000a1980000)
 Metaspace       used 7317K, capacity 8180K, committed 8448K, reserved 1056768K
  class space    used 897K, capacity 944K, committed 1024K, reserved 1048576K
}
Event: 0.323 GC heap before
{Heap before GC invocations=6 (full 1):
 PSYoungGen      total 6656K, used 512K [0x00000000e0700000, 0x00000000e1a00000, 0x0000000100000000)
  eden space 6144K, 0% used [0x00000000e0700000,0x00000000e0700000,0x00000000e0d00000)
  from space 512K, 100% used [0x00000000e0d00000,0x00000000e0d80000,0x00000000e0d80000)
  to   space 3584K, 0% used [0x00000000e1680000,0x00000000e1680000,0x00000000e1a00000)
 ParOldGen       total 5632K, used 4500K [0x00000000a1400000, 0x00000000a1980000, 0x00000000e0700000)
  object space 5632K, 79% used [0x00000000a1400000,0x00000000a1865000,0x00000000a1980000)
 Metaspace       used 7317K, capacity 8180K, committed 8448K, reserved 1056768K
  class space    used 897K, capacity 944K, committed 1024K, reserved 1048576K
Event: 0.344 GC heap after
Heap after GC invocations=6 (full 1):
 PSYoungGen      total 6656K, used 0K [0x00000000e0700000, 0x00000000e1a00000, 0x0000000100000000)
  eden space 6144K, 0% used [0x00000000e0700000,0x00000000e0700000,0x00000000e0d00000)
  from space 512K, 0% used [0x00000000e0d00000,0x00000000e0d00000,0x00000000e0d80000)
  to   space 3584K, 0% used [0x00000000e1680000,0x00000000e1680000,0x00000000e1a00000)
 ParOldGen       total 10752K, used 4831K [0x00000000a1400000, 0x00000000a1e80000, 0x00000000e0700000)
  object space 10752K, 44% used [0x00000000a1400000,0x00000000a18b7e90,0x00000000a1e80000)
 Metaspace       used 7317K, capacity 8180K, committed 8448K, reserved 1056768K
  class space    used 897K, capacity 944K, committed 1024K, reserved 1048576K
}

