# JRE version: Java(TM) SE Runtime Environment (8.0_181-b13) (build 1.8.0_181-b13)
# Java VM: Java HotSpot(TM) 64-Bit Server VM (25.181-b13 mixed mode windows-amd64 compressed oops)
Heap:
 PSYoungGen      total 6656K, used 1904K [0x00000000e0700000, 0x00000000e0e00000, 0x0000000100000000)
  eden space 6144K, 31% used [0x00000000e0700000,0x00000000e08dc328,0x00000000e0d00000)
  from space 512K, 0% used [0x00000000e0d80000,0x00000000e0d80000,0x00000000e0e00000)
  to   space 512K, 0% used [0x00000000e0d00000,0x00000000e0d00000,0x00000000e0d80000)
 ParOldGen       total 9216K, used 9207K [0x00000000a1400000, 0x00000000a1d00000, 0x00000000e0700000)
  object space 9216K, 99% used [0x00000000a1400000,0x00000000a1cfde38,0x00000000a1d00000)
 Metaspace       used 9445K, capacity 9888K, committed 10112K, reserved 1058816K
  class space    used 1084K, capacity 1108K, committed 1152K, reserved 1048576K
GC Heap History (10 events):
Event: 0.410 GC heap before
{Heap before GC invocations=8 (full 2):
 PSYoungGen      total 6656K, used 512K [0x00000000e0700000, 0x00000000e0e00000, 0x0000000100000000)
  eden space 6144K, 0% used [0x00000000e0700000,0x00000000e0700000,0x00000000e0d00000)
  from space 512K, 100% used [0x00000000e0d80000,0x00000000e0e00000,0x00000000e0e00000)
  to   space 512K, 0% used [0x00000000e0d00000,0x00000000e0d00000,0x00000000e0d80000)
 ParOldGen       total 9216K, used 7723K [0x00000000a1400000, 0x00000000a1d00000, 0x00000000e0700000)
  object space 9216K, 83% used [0x00000000a1400000,0x00000000a1b8ada8,0x00000000a1d00000)
 Metaspace       used 7450K, capacity 8308K, committed 8448K, reserved 1056768K
  class space    used 900K, capacity 944K, committed 1024K, reserved 1048576K
Event: 0.428 GC heap after
Heap after GC invocations=8 (full 2):
 PSYoungGen      total 6656K, used 0K [0x00000000e0700000, 0x00000000e0e00000, 0x0000000100000000)
  eden space 6144K, 0% used [0x00000000e0700000,0x00000000e0700000,0x00000000e0d00000)
  from space 512K, 0% used [0x00000000e0d80000,0x00000000e0d80000,0x00000000e0e00000)
  to   space 512K, 0% used [0x00000000e0d00000,0x00000000e0d00000,0x00000000e0d80000)
 ParOldGen       total 9216K, used 6323K [0x00000000a1400000, 0x00000000a1d00000, 0x00000000e0700000)
  object space 9216K, 68% used [0x00000000a1400000,0x00000000a1a2ce48,0x00000000a1d00000)
 Metaspace       used 7450K, capacity 8308K, committed 8448K, reserved 1056768K
  class space    used 900K, capacity 944K, committed 1024K, reserved 1048576K
}
Event: 0.490 GC heap before
{Heap before GC invocations=9 (full 3):
 PSYoungGen      total 6656K, used 6144K [0x00000000e0700000, 0x00000000e0e00000, 0x0000000100000000)
  eden space 6144K, 100% used [0x00000000e0700000,0x00000000e0d00000,0x00000000e0d00000)
  from space 512K, 0% used [0x00000000e0d80000,0x00000000e0d80000,0x00000000e0e00000)
  to   space 512K, 0% used [0x00000000e0d00000,0x00000000e0d00000,0x00000000e0d80000)
 ParOldGen       total 9216K, used 6323K [0x00000000a1400000, 0x00000000a1d00000, 0x00000000e0700000)
  object space 9216K, 68% used [0x00000000a1400000,0x00000000a1a2ce48,0x00000000a1d00000)
 Metaspace       used 7659K, capacity 8436K, committed 8704K, reserved 1056768K
  class space    used 913K, capacity 944K, committed 1024K, reserved 1048576K
Event: 0.527 GC heap after
Heap after GC invocations=9 (full 3):
 PSYoungGen      total 6656K, used 0K [0x00000000e0700000, 0x00000000e0e00000, 0x0000000100000000)
  eden space 6144K, 0% used [0x00000000e0700000,0x00000000e0700000,0x00000000e0d00000)
  from space 512K, 0% used [0x00000000e0d80000,0x00000000e0d80000,0x00000000e0e00000)
  to   space 512K, 0% used [0x00000000e0d00000,0x00000000e0d00000,0x00000000e0d80000)
 ParOldGen       total 9216K, used 7260K [0x00000000a1400000, 0x00000000a1d00000, 0x00000000e0700000)
  object space 9216K, 78% used [0x00000000a1400000,0x00000000a1b17150,0x00000000a1d00000)
 Metaspace       used 7659K, capacity 8436K, committed 8704K, reserved 1056768K
  class space    used 913K, capacity 944K, committed 1024K, reserved 1048576K
}
Event: 0.546 GC heap before
{Heap before GC invocations=10 (full 4):
 PSYoungGen      total 6656K, used 6144K [0x00000000e0700000, 0x00000000e0e00000, 0x0000000100000000)
  eden space 6144K, 100% used [0x00000000e0700000,0x00000000e0d00000,0x00000000e0d00000)
  from space 512K, 0% used [0x00000000e0d80000,0x00000000e0d80000,0x00000000e0e00000)
  to   space 512K, 0% used [0x00000000e0d00000,0x00000000e0d00000,0x00000000e0d80000)
 ParOldGen       total 9216K, used 7260K [0x00000000a1400000, 0x00000000a1d00000, 0x00000000e0700000)
  object space 9216K, 78% used [0x00000000a1400000,0x00000000a1b17150,0x00000000a1d00000)
 Metaspace       used 7696K, capacity 8500K, committed 8704K, reserved 1056768K
  class space    used 913K, capacity 944K, committed 1024K, reserved 1048576K
Event: 0.567 GC heap after
Heap after GC invocations=10 (full 4):
 PSYoungGen      total 6656K, used 0K [0x00000000e0700000, 0x00000000e0e00000, 0x0000000100000000)
  eden space 6144K, 0% used [0x00000000e0700000,0x00000000e0700000,0x00000000e0d00000)
  from space 512K, 0% used [0x00000000e0d80000,0x00000000e0d80000,0x00000000e0e00000)
  to   space 512K, 0% used [0x00000000e0d00000,0x00000000e0d00000,0x00000000e0d80000)
 ParOldGen       total 9216K, used 7651K [0x00000000a1400000, 0x00000000a1d00000, 0x00000000e0700000)
  object space 9216K, 83% used [0x00000000a1400000,0x00000000a1b78e48,0x00000000a1d00000)
 Metaspace       used 7696K, capacity 8500K, committed 8704K, reserved 1056768K
  class space    used 913K, capacity 944K, committed 1024K, reserved 1048576K
}
Event: 0.651 GC heap before
{Heap before GC invocations=11 (full 5):
 PSYoungGen      total 6656K, used 6144K [0x00000000e0700000, 0x00000000e0e00000, 0x0000000100000000)
  eden space 6144K, 100% used [0x00000000e0700000,0x00000000e0d00000,0x00000000e0d00000)
  from space 512K, 0% used [0x00000000e0d80000,0x00000000e0d80000,0x00000000e0e00000)
  to   space 512K, 0% used [0x00000000e0d00000,0x00000000e0d00000,0x00000000e0d80000)
 ParOldGen       total 9216K, used 7651K [0x00000000a1400000, 0x00000000a1d00000, 0x00000000e0700000)
  object space 9216K, 83% used [0x00000000a1400000,0x00000000a1b78e48,0x00000000a1d00000)
 Metaspace       used 8540K, capacity 9056K, committed 9344K, reserved 1056768K
  class space    used 1020K, capacity 1044K, committed 1152K, reserved 1048576K
Event: 0.695 GC heap after
Heap after GC invocations=11 (full 5):
 PSYoungGen      total 6656K, used 0K [0x00000000e0700000, 0x00000000e0e00000, 0x0000000100000000)
  eden space 6144K, 0% used [0x00000000e0700000,0x00000000e0700000,0x00000000e0d00000)
  from space 512K, 0% used [0x00000000e0d80000,0x00000000e0d80000,0x00000000e0e00000)
  to   space 512K, 0% used [0x00000000e0d00000,0x00000000e0d00000,0x00000000e0d80000)
 ParOldGen       total 9216K, used 8778K [0x00000000a1400000, 0x00000000a1d00000, 0x00000000e0700000)
  object space 9216K, 95% used [0x00000000a1400000,0x00000000a1c929a0,0x00000000a1d00000)
 Metaspace       used 8540K, capacity 9056K, committed 9344K, reserved 1056768K
  class space    used 1020K, capacity 1044K, committed 1152K, reserved 1048576K
}
Event: 0.852 GC heap before
{Heap before GC invocations=12 (full 6):
 PSYoungGen      total 6656K, used 6144K [0x00000000e0700000, 0x00000000e0e00000, 0x0000000100000000)
  eden space 6144K, 100% used [0x00000000e0700000,0x00000000e0d00000,0x00000000e0d00000)
  from space 512K, 0% used [0x00000000e0d80000,0x00000000e0d80000,0x00000000e0e00000)
  to   space 512K, 0% used [0x00000000e0d00000,0x00000000e0d00000,0x00000000e0d80000)
 ParOldGen       total 9216K, used 8778K [0x00000000a1400000, 0x00000000a1d00000, 0x00000000e0700000)
  object space 9216K, 95% used [0x00000000a1400000,0x00000000a1c929a0,0x00000000a1d00000)
 Metaspace       used 9298K, capacity 9760K, committed 9856K, reserved 1058816K
  class space    used 1083K, capacity 1108K, committed 1152K, reserved 1048576K
Event: 0.909 GC heap after
Heap after GC invocations=12 (full 6):
 PSYoungGen      total 6656K, used 306K [0x00000000e0700000, 0x00000000e0e00000, 0x0000000100000000)
  eden space 6144K, 4% used [0x00000000e0700000,0x00000000e074c8e8,0x00000000e0d00000)
  from space 512K, 0% used [0x00000000e0d80000,0x00000000e0d80000,0x00000000e0e00000)
  to   space 512K, 0% used [0x00000000e0d00000,0x00000000e0d00000,0x00000000e0d80000)
 ParOldGen       total 9216K, used 9207K [0x00000000a1400000, 0x00000000a1d00000, 0x00000000e0700000)
  object space 9216K, 99% used [0x00000000a1400000,0x00000000a1cfde38,0x00000000a1d00000)
 Metaspace       used 9298K, capacity 9760K, committed 9856K, reserved 1058816K
  class space    used 1083K, capacity 1108K, committed 1152K, reserved 1048576K
}

