# JRE version: Java(TM) SE Runtime Environment (8.0_181-b13) (build 1.8.0_181-b13)
# Java VM: Java HotSpot(TM) 64-Bit Server VM (25.181-b13 mixed mode windows-amd64 compressed oops)
Heap:
 PSYoungGen      total 6656K, used 6587K [0x00000000e0700000, 0x00000000e0e00000, 0x0000000100000000)
  eden space 6144K, 98% used [0x00000000e0700000,0x00000000e0ceef50,0x00000000e0d00000)
  from space 512K, 100% used [0x00000000e0d80000,0x00000000e0e00000,0x00000000e0e00000)
  to   space 512K, 0% used [0x00000000e0d00000,0x00000000e0d00000,0x00000000e0d80000)
 ParOldGen       total 5632K, used 909K [0x00000000a1400000, 0x00000000a1980000, 0x00000000e0700000)
  object space 5632K, 16% used [0x00000000a1400000,0x00000000a14e3598,0x00000000a1980000)
 Metaspace       used 7525K, capacity 8308K, committed 8448K, reserved 1056768K
  class space    used 917K, capacity 944K, committed 1024K, reserved 1048576K
GC Heap History (8 events):
Event: 0.109 GC heap before
{Heap before GC invocations=1 (full 0):
 PSYoungGen      total 2048K, used 1536K [0x00000000e0700000, 0x00000000e0980000, 0x0000000100000000)
  eden space 1536K, 100% used [0x00000000e0700000,0x00000000e0880000,0x00000000e0880000)
  from space 512K, 0% used [0x00000000e0900000,0x00000000e0900000,0x00000000e0980000)
  to   space 512K, 0% used [0x00000000e0880000,0x00000000e0880000,0x00000000e0900000)
 ParOldGen       total 5632K, used 0K [0x00000000a1400000, 0x00000000a1980000, 0x00000000e0700000)
  object space 5632K, 0% used [0x00000000a1400000,0x00000000a1400000,0x00000000a1980000)
 Metaspace       used 3448K, capacity 4812K, committed 5120K, reserved 1056768K
  class space    used 399K, capacity 456K, committed 512K, reserved 1048576K
Event: 0.110 GC heap after
Heap after GC invocations=1 (full 0):
 PSYoungGen      total 2048K, used 480K [0x00000000e0700000, 0x00000000e0b00000, 0x0000000100000000)
  eden space 1536K, 0% used [0x00000000e0700000,0x00000000e0700000,0x00000000e0880000)
  from space 512K, 93% used [0x00000000e0880000,0x00000000e08f8020,0x00000000e0900000)
  to   space 512K, 0% used [0x00000000e0a80000,0x00000000e0a80000,0x00000000e0b00000)
 ParOldGen       total 5632K, used 40K [0x00000000a1400000, 0x00000000a1980000, 0x00000000e0700000)
  object space 5632K, 0% used [0x00000000a1400000,0x00000000a140a000,0x00000000a1980000)
 Metaspace       used 3448K, capacity 4812K, committed 5120K, reserved 1056768K
  class space    used 399K, capacity 456K, committed 512K, reserved 1048576K
}
Event: 0.140 GC heap before
{Heap before GC invocations=2 (full 0):
 PSYoungGen      total 2048K, used 2016K [0x00000000e0700000, 0x00000000e0b00000, 0x0000000100000000)
  eden space 1536K, 100% used [0x00000000e0700000,0x00000000e0880000,0x00000000e0880000)
  from space 512K, 93% used [0x00000000e0880000,0x00000000e08f8020,0x00000000e0900000)
  to   space 512K, 0% used [0x00000000e0a80000,0x00000000e0a80000,0x00000000e0b00000)
 ParOldGen       total 5632K, used 40K [0x00000000a1400000, 0x00000000a1980000, 0x00000000e0700000)
  object space 5632K, 0% used [0x00000000a1400000,0x00000000a140a000,0x00000000a1980000)
 Metaspace       used 4110K, capacity 5388K, committed 5760K, reserved 1056768K
  class space    used 488K, capacity 520K, committed 640K, reserved 1048576K
Event: 0.141 GC heap after
Heap after GC invocations=2 (full 0):
 PSYoungGen      total 3584K, used 480K [0x00000000e0700000, 0x00000000e0b00000, 0x0000000100000000)
  eden space 3072K, 0% used [0x00000000e0700000,0x00000000e0700000,0x00000000e0a00000)
  from space 512K, 93% used [0x00000000e0a80000,0x00000000e0af8020,0x00000000e0b00000)
  to   space 512K, 0% used [0x00000000e0a00000,0x00000000e0a00000,0x00000000e0a80000)
 ParOldGen       total 5632K, used 120K [0x00000000a1400000, 0x00000000a1980000, 0x00000000e0700000)
  object space 5632K, 2% used [0x00000000a1400000,0x00000000a141e000,0x00000000a1980000)
 Metaspace       used 4110K, capacity 5388K, committed 5760K, reserved 1056768K
  class space    used 488K, capacity 520K, committed 640K, reserved 1048576K
}
Event: 0.195 GC heap before
{Heap before GC invocations=3 (full 0):
 PSYoungGen      total 3584K, used 3527K [0x00000000e0700000, 0x00000000e0b00000, 0x0000000100000000)
  eden space 3072K, 99% used [0x00000000e0700000,0x00000000e09f9f50,0x00000000e0a00000)
  from space 512K, 93% used [0x00000000e0a80000,0x00000000e0af8020,0x00000000e0b00000)
  to   space 512K, 0% used [0x00000000e0a00000,0x00000000e0a00000,0x00000000e0a80000)
 ParOldGen       total 5632K, used 120K [0x00000000a1400000, 0x00000000a1980000, 0x00000000e0700000)
  object space 5632K, 2% used [0x00000000a1400000,0x00000000a141e000,0x00000000a1980000)
 Metaspace       used 5076K, capacity 6284K, committed 6656K, reserved 1056768K
  class space    used 624K, capacity 648K, committed 768K, reserved 1048576K
Event: 0.196 GC heap after
Heap after GC invocations=3 (full 0):
 PSYoungGen      total 3584K, used 511K [0x00000000e0700000, 0x00000000e0e00000, 0x0000000100000000)
  eden space 3072K, 0% used [0x00000000e0700000,0x00000000e0700000,0x00000000e0a00000)
  from space 512K, 99% used [0x00000000e0a00000,0x00000000e0a7fc10,0x00000000e0a80000)
  to   space 512K, 0% used [0x00000000e0d80000,0x00000000e0d80000,0x00000000e0e00000)
 ParOldGen       total 5632K, used 628K [0x00000000a1400000, 0x00000000a1980000, 0x00000000e0700000)
  object space 5632K, 11% used [0x00000000a1400000,0x00000000a149d030,0x00000000a1980000)
 Metaspace       used 5076K, capacity 6284K, committed 6656K, reserved 1056768K
  class space    used 624K, capacity 648K, committed 768K, reserved 1048576K
}
Event: 0.251 GC heap before
{Heap before GC invocations=4 (full 0):
 PSYoungGen      total 3584K, used 3583K [0x00000000e0700000, 0x00000000e0e00000, 0x0000000100000000)
  eden space 3072K, 100% used [0x00000000e0700000,0x00000000e0a00000,0x00000000e0a00000)
  from space 512K, 99% used [0x00000000e0a00000,0x00000000e0a7fc10,0x00000000e0a80000)
  to   space 512K, 0% used [0x00000000e0d80000,0x00000000e0d80000,0x00000000e0e00000)
 ParOldGen       total 5632K, used 628K [0x00000000a1400000, 0x00000000a1980000, 0x00000000e0700000)
  object space 5632K, 11% used [0x00000000a1400000,0x00000000a149d030,0x00000000a1980000)
 Metaspace       used 6172K, capacity 7278K, committed 7552K, reserved 1056768K
  class space    used 777K, capacity 810K, committed 896K, reserved 1048576K
Event: 0.252 GC heap after
Heap after GC invocations=4 (full 0):
 PSYoungGen      total 6656K, used 512K [0x00000000e0700000, 0x00000000e0e00000, 0x0000000100000000)
  eden space 6144K, 0% used [0x00000000e0700000,0x00000000e0700000,0x00000000e0d00000)
  from space 512K, 100% used [0x00000000e0d80000,0x00000000e0e00000,0x00000000e0e00000)
  to   space 512K, 0% used [0x00000000e0d00000,0x00000000e0d00000,0x00000000e0d80000)
 ParOldGen       total 5632K, used 909K [0x00000000a1400000, 0x00000000a1980000, 0x00000000e0700000)
  object space 5632K, 16% used [0x00000000a1400000,0x00000000a14e3598,0x00000000a1980000)
 Metaspace       used 6172K, capacity 7278K, committed 7552K, reserved 1056768K
  class space    used 777K, capacity 810K, committed 896K, reserved 1048576K
}

