# JRE version: Java(TM) SE Runtime Environment (8.0_181-b13) (build 1.8.0_181-b13)
# Java VM: Java HotSpot(TM) 64-Bit Server VM (25.181-b13 mixed mode windows-amd64 compressed oops)
Heap:
 PSYoungGen      total 49152K, used 6844K [0x00000000e0700000, 0x00000000e3f00000, 0x0000000100000000)
  eden space 45056K, 6% used [0x00000000e0700000,0x00000000e09b3a90,0x00000000e3300000)
  from space 4096K, 99% used [0x00000000e3b00000,0x00000000e3efb880,0x00000000e3f00000)
  to   space 4096K, 0% used [0x00000000e3700000,0x00000000e3700000,0x00000000e3b00000)
 ParOldGen       total 49152K, used 12396K [0x00000000a1400000, 0x00000000a4400000, 0x00000000e0700000)
  object space 49152K, 25% used [0x00000000a1400000,0x00000000a201b0d0,0x00000000a4400000)
 Metaspace       used 25072K, capacity 26278K, committed 26496K, reserved 1073152K
  class space    used 3373K, capacity 3616K, committed 3712K, reserved 1048576K
GC Heap History (10 events):
Event: 0.624 GC heap before
{Heap before GC invocations=1 (full 0):
 PSYoungGen      total 28672K, used 24576K [0x00000000e0700000, 0x00000000e2700000, 0x0000000100000000)
  eden space 24576K, 100% used [0x00000000e0700000,0x00000000e1f00000,0x00000000e1f00000)
  from space 4096K, 0% used [0x00000000e2300000,0x00000000e2300000,0x00000000e2700000)
  to   space 4096K, 0% used [0x00000000e1f00000,0x00000000e1f00000,0x00000000e2300000)
 ParOldGen       total 65536K, used 0K [0x00000000a1400000, 0x00000000a5400000, 0x00000000e0700000)
  object space 65536K, 0% used [0x00000000a1400000,0x00000000a1400000,0x00000000a5400000)
 Metaspace       used 12655K, capacity 13076K, committed 13312K, reserved 1060864K
  class space    used 1686K, capacity 1792K, committed 1792K, reserved 1048576K
Event: 0.627 GC heap after
Heap after GC invocations=1 (full 0):
 PSYoungGen      total 28672K, used 3856K [0x00000000e0700000, 0x00000000e2700000, 0x0000000100000000)
  eden space 24576K, 0% used [0x00000000e0700000,0x00000000e0700000,0x00000000e1f00000)
  from space 4096K, 94% used [0x00000000e1f00000,0x00000000e22c4050,0x00000000e2300000)
  to   space 4096K, 0% used [0x00000000e2300000,0x00000000e2300000,0x00000000e2700000)
 ParOldGen       total 65536K, used 80K [0x00000000a1400000, 0x00000000a5400000, 0x00000000e0700000)
  object space 65536K, 0% used [0x00000000a1400000,0x00000000a1414010,0x00000000a5400000)
 Metaspace       used 12655K, capacity 13076K, committed 13312K, reserved 1060864K
  class space    used 1686K, capacity 1792K, committed 1792K, reserved 1048576K
}
Event: 3.923 GC heap before
{Heap before GC invocations=2 (full 0):
 PSYoungGen      total 28672K, used 28432K [0x00000000e0700000, 0x00000000e2700000, 0x0000000100000000)
  eden space 24576K, 100% used [0x00000000e0700000,0x00000000e1f00000,0x00000000e1f00000)
  from space 4096K, 94% used [0x00000000e1f00000,0x00000000e22c4050,0x00000000e2300000)
  to   space 4096K, 0% used [0x00000000e2300000,0x00000000e2300000,0x00000000e2700000)
 ParOldGen       total 65536K, used 80K [0x00000000a1400000, 0x00000000a5400000, 0x00000000e0700000)
  object space 65536K, 0% used [0x00000000a1400000,0x00000000a1414010,0x00000000a5400000)
 Metaspace       used 19524K, capacity 20636K, committed 20736K, reserved 1067008K
  class space    used 2772K, capacity 3019K, committed 3072K, reserved 1048576K
Event: 3.930 GC heap after
Heap after GC invocations=2 (full 0):
 PSYoungGen      total 28672K, used 4079K [0x00000000e0700000, 0x00000000e2700000, 0x0000000100000000)
  eden space 24576K, 0% used [0x00000000e0700000,0x00000000e0700000,0x00000000e1f00000)
  from space 4096K, 99% used [0x00000000e2300000,0x00000000e26fbc50,0x00000000e2700000)
  to   space 4096K, 0% used [0x00000000e1f00000,0x00000000e1f00000,0x00000000e2300000)
 ParOldGen       total 65536K, used 8953K [0x00000000a1400000, 0x00000000a5400000, 0x00000000e0700000)
  object space 65536K, 13% used [0x00000000a1400000,0x00000000a1cbe548,0x00000000a5400000)
 Metaspace       used 19524K, capacity 20636K, committed 20736K, reserved 1067008K
  class space    used 2772K, capacity 3019K, committed 3072K, reserved 1048576K
}
Event: 3.960 GC heap before
{Heap before GC invocations=3 (full 0):
 PSYoungGen      total 28672K, used 5373K [0x00000000e0700000, 0x00000000e2700000, 0x0000000100000000)
  eden space 24576K, 5% used [0x00000000e0700000,0x00000000e0843828,0x00000000e1f00000)
  from space 4096K, 99% used [0x00000000e2300000,0x00000000e26fbc50,0x00000000e2700000)
  to   space 4096K, 0% used [0x00000000e1f00000,0x00000000e1f00000,0x00000000e2300000)
 ParOldGen       total 65536K, used 8953K [0x00000000a1400000, 0x00000000a5400000, 0x00000000e0700000)
  object space 65536K, 13% used [0x00000000a1400000,0x00000000a1cbe548,0x00000000a5400000)
 Metaspace       used 20120K, capacity 21196K, committed 21248K, reserved 1067008K
  class space    used 2838K, capacity 3057K, committed 3072K, reserved 1048576K
Event: 3.964 GC heap after
Heap after GC invocations=3 (full 0):
 PSYoungGen      total 28672K, used 4064K [0x00000000e0700000, 0x00000000e3f00000, 0x0000000100000000)
  eden space 24576K, 0% used [0x00000000e0700000,0x00000000e0700000,0x00000000e1f00000)
  from space 4096K, 99% used [0x00000000e1f00000,0x00000000e22f8050,0x00000000e2300000)
  to   space 4096K, 0% used [0x00000000e3b00000,0x00000000e3b00000,0x00000000e3f00000)
 ParOldGen       total 65536K, used 9160K [0x00000000a1400000, 0x00000000a5400000, 0x00000000e0700000)
  object space 65536K, 13% used [0x00000000a1400000,0x00000000a1cf21b0,0x00000000a5400000)
 Metaspace       used 20120K, capacity 21196K, committed 21248K, reserved 1067008K
  class space    used 2838K, capacity 3057K, committed 3072K, reserved 1048576K
}
Event: 3.964 GC heap before
{Heap before GC invocations=4 (full 1):
 PSYoungGen      total 28672K, used 4064K [0x00000000e0700000, 0x00000000e3f00000, 0x0000000100000000)
  eden space 24576K, 0% used [0x00000000e0700000,0x00000000e0700000,0x00000000e1f00000)
  from space 4096K, 99% used [0x00000000e1f00000,0x00000000e22f8050,0x00000000e2300000)
  to   space 4096K, 0% used [0x00000000e3b00000,0x00000000e3b00000,0x00000000e3f00000)
 ParOldGen       total 65536K, used 9160K [0x00000000a1400000, 0x00000000a5400000, 0x00000000e0700000)
  object space 65536K, 13% used [0x00000000a1400000,0x00000000a1cf21b0,0x00000000a5400000)
 Metaspace       used 20120K, capacity 21196K, committed 21248K, reserved 1067008K
  class space    used 2838K, capacity 3057K, committed 3072K, reserved 1048576K
Event: 3.987 GC heap after
Heap after GC invocations=4 (full 1):
 PSYoungGen      total 28672K, used 0K [0x00000000e0700000, 0x00000000e3f00000, 0x0000000100000000)
  eden space 24576K, 0% used [0x00000000e0700000,0x00000000e0700000,0x00000000e1f00000)
  from space 4096K, 0% used [0x00000000e1f00000,0x00000000e1f00000,0x00000000e2300000)
  to   space 4096K, 0% used [0x00000000e3b00000,0x00000000e3b00000,0x00000000e3f00000)
 ParOldGen       total 49152K, used 10290K [0x00000000a1400000, 0x00000000a4400000, 0x00000000e0700000)
  object space 49152K, 20% used [0x00000000a1400000,0x00000000a1e0c9c8,0x00000000a4400000)
 Metaspace       used 20120K, capacity 21196K, committed 21248K, reserved 1067008K
  class space    used 2838K, capacity 3057K, committed 3072K, reserved 1048576K
}
Event: 5.829 GC heap before
{Heap before GC invocations=5 (full 1):
 PSYoungGen      total 28672K, used 24576K [0x00000000e0700000, 0x00000000e3f00000, 0x0000000100000000)
  eden space 24576K, 100% used [0x00000000e0700000,0x00000000e1f00000,0x00000000e1f00000)
  from space 4096K, 0% used [0x00000000e1f00000,0x00000000e1f00000,0x00000000e2300000)
  to   space 4096K, 0% used [0x00000000e3b00000,0x00000000e3b00000,0x00000000e3f00000)
 ParOldGen       total 49152K, used 10290K [0x00000000a1400000, 0x00000000a4400000, 0x00000000e0700000)
  object space 49152K, 20% used [0x00000000a1400000,0x00000000a1e0c9c8,0x00000000a4400000)
 Metaspace       used 24860K, capacity 26080K, committed 26240K, reserved 1071104K
  class space    used 3372K, capacity 3615K, committed 3712K, reserved 1048576K
Event: 5.844 GC heap after
Heap after GC invocations=5 (full 1):
 PSYoungGen      total 49152K, used 4078K [0x00000000e0700000, 0x00000000e3f00000, 0x0000000100000000)
  eden space 45056K, 0% used [0x00000000e0700000,0x00000000e0700000,0x00000000e3300000)
  from space 4096K, 99% used [0x00000000e3b00000,0x00000000e3efb880,0x00000000e3f00000)
  to   space 4096K, 0% used [0x00000000e3700000,0x00000000e3700000,0x00000000e3b00000)
 ParOldGen       total 49152K, used 12396K [0x00000000a1400000, 0x00000000a4400000, 0x00000000e0700000)
  object space 49152K, 25% used [0x00000000a1400000,0x00000000a201b0d0,0x00000000a4400000)
 Metaspace       used 24860K, capacity 26080K, committed 26240K, reserved 1071104K
  class space    used 3372K, capacity 3615K, committed 3712K, reserved 1048576K
}

