# JRE version: Java(TM) SE Runtime Environment (8.0_181-b13) (build 1.8.0_181-b13)
# Java VM: Java HotSpot(TM) 64-Bit Server VM (25.181-b13 mixed mode windows-amd64 compressed oops)
Heap:
 PSYoungGen      total 6656K, used 5274K [0x00000000e0700000, 0x00000000e0e00000, 0x0000000100000000)
  eden space 6144K, 85% used [0x00000000e0700000,0x00000000e0c26af0,0x00000000e0d00000)
  from space 512K, 0% used [0x00000000e0d80000,0x00000000e0d80000,0x00000000e0e00000)
  to   space 512K, 0% used [0x00000000e0d00000,0x00000000e0d00000,0x00000000e0d80000)
 ParOldGen       total 15872K, used 6066K [0x00000000a1400000, 0x00000000a2380000, 0x00000000e0700000)
  object space 15872K, 38% used [0x00000000a1400000,0x00000000a19ecba0,0x00000000a2380000)
 Metaspace       used 8231K, capacity 8768K, committed 8960K, reserved 1056768K
  class space    used 995K, capacity 1012K, committed 1024K, reserved 1048576K
GC Heap History (10 events):
Event: 0.279 GC heap before
{Heap before GC invocations=4 (full 0):
 PSYoungGen      total 3584K, used 3583K [0x00000000e0700000, 0x00000000e0e00000, 0x0000000100000000)
  eden space 3072K, 100% used [0x00000000e0700000,0x00000000e0a00000,0x00000000e0a00000)
  from space 512K, 99% used [0x00000000e0a00000,0x00000000e0a7fc10,0x00000000e0a80000)
  to   space 512K, 0% used [0x00000000e0d80000,0x00000000e0d80000,0x00000000e0e00000)
 ParOldGen       total 5632K, used 596K [0x00000000a1400000, 0x00000000a1980000, 0x00000000e0700000)
  object space 5632K, 10% used [0x00000000a1400000,0x00000000a1495050,0x00000000a1980000)
 Metaspace       used 6174K, capacity 7278K, committed 7552K, reserved 1056768K
  class space    used 777K, capacity 810K, committed 896K, reserved 1048576K
Event: 0.280 GC heap after
Heap after GC invocations=4 (full 0):
 PSYoungGen      total 6656K, used 512K [0x00000000e0700000, 0x00000000e0e00000, 0x0000000100000000)
  eden space 6144K, 0% used [0x00000000e0700000,0x00000000e0700000,0x00000000e0d00000)
  from space 512K, 100% used [0x00000000e0d80000,0x00000000e0e00000,0x00000000e0e00000)
  to   space 512K, 0% used [0x00000000e0d00000,0x00000000e0d00000,0x00000000e0d80000)
 ParOldGen       total 5632K, used 892K [0x00000000a1400000, 0x00000000a1980000, 0x00000000e0700000)
  object space 5632K, 15% used [0x00000000a1400000,0x00000000a14df080,0x00000000a1980000)
 Metaspace       used 6174K, capacity 7278K, committed 7552K, reserved 1056768K
  class space    used 777K, capacity 810K, committed 896K, reserved 1048576K
}
Event: 0.359 GC heap before
{Heap before GC invocations=5 (full 0):
 PSYoungGen      total 6656K, used 6656K [0x00000000e0700000, 0x00000000e0e00000, 0x0000000100000000)
  eden space 6144K, 100% used [0x00000000e0700000,0x00000000e0d00000,0x00000000e0d00000)
  from space 512K, 100% used [0x00000000e0d80000,0x00000000e0e00000,0x00000000e0e00000)
  to   space 512K, 0% used [0x00000000e0d00000,0x00000000e0d00000,0x00000000e0d80000)
 ParOldGen       total 5632K, used 892K [0x00000000a1400000, 0x00000000a1980000, 0x00000000e0700000)
  object space 5632K, 15% used [0x00000000a1400000,0x00000000a14df080,0x00000000a1980000)
 Metaspace       used 7314K, capacity 8180K, committed 8448K, reserved 1056768K
  class space    used 898K, capacity 944K, committed 1024K, reserved 1048576K
Event: 0.361 GC heap after
Heap after GC invocations=5 (full 0):
 PSYoungGen      total 6656K, used 500K [0x00000000e0700000, 0x00000000e0e00000, 0x0000000100000000)
  eden space 6144K, 0% used [0x00000000e0700000,0x00000000e0700000,0x00000000e0d00000)
  from space 512K, 97% used [0x00000000e0d00000,0x00000000e0d7d010,0x00000000e0d80000)
  to   space 512K, 0% used [0x00000000e0d80000,0x00000000e0d80000,0x00000000e0e00000)
 ParOldGen       total 5632K, used 4491K [0x00000000a1400000, 0x00000000a1980000, 0x00000000e0700000)
  object space 5632K, 79% used [0x00000000a1400000,0x00000000a1862f30,0x00000000a1980000)
 Metaspace       used 7314K, capacity 8180K, committed 8448K, reserved 1056768K
  class space    used 898K, capacity 944K, committed 1024K, reserved 1048576K
}
Event: 0.361 GC heap before
{Heap before GC invocations=6 (full 1):
 PSYoungGen      total 6656K, used 500K [0x00000000e0700000, 0x00000000e0e00000, 0x0000000100000000)
  eden space 6144K, 0% used [0x00000000e0700000,0x00000000e0700000,0x00000000e0d00000)
  from space 512K, 97% used [0x00000000e0d00000,0x00000000e0d7d010,0x00000000e0d80000)
  to   space 512K, 0% used [0x00000000e0d80000,0x00000000e0d80000,0x00000000e0e00000)
 ParOldGen       total 5632K, used 4491K [0x00000000a1400000, 0x00000000a1980000, 0x00000000e0700000)
  object space 5632K, 79% used [0x00000000a1400000,0x00000000a1862f30,0x00000000a1980000)
 Metaspace       used 7314K, capacity 8180K, committed 8448K, reserved 1056768K
  class space    used 898K, capacity 944K, committed 1024K, reserved 1048576K
Event: 0.381 GC heap after
Heap after GC invocations=6 (full 1):
 PSYoungGen      total 6656K, used 0K [0x00000000e0700000, 0x00000000e0e00000, 0x0000000100000000)
  eden space 6144K, 0% used [0x00000000e0700000,0x00000000e0700000,0x00000000e0d00000)
  from space 512K, 0% used [0x00000000e0d00000,0x00000000e0d00000,0x00000000e0d80000)
  to   space 512K, 0% used [0x00000000e0d80000,0x00000000e0d80000,0x00000000e0e00000)
 ParOldGen       total 10752K, used 4853K [0x00000000a1400000, 0x00000000a1e80000, 0x00000000e0700000)
  object space 10752K, 45% used [0x00000000a1400000,0x00000000a18bd7e8,0x00000000a1e80000)
 Metaspace       used 7314K, capacity 8180K, committed 8448K, reserved 1056768K
  class space    used 898K, capacity 944K, committed 1024K, reserved 1048576K
}
Event: 0.430 GC heap before
{Heap before GC invocations=7 (full 1):
 PSYoungGen      total 6656K, used 6144K [0x00000000e0700000, 0x00000000e0e00000, 0x0000000100000000)
  eden space 6144K, 100% used [0x00000000e0700000,0x00000000e0d00000,0x00000000e0d00000)
  from space 512K, 0% used [0x00000000e0d00000,0x00000000e0d00000,0x00000000e0d80000)
  to   space 512K, 0% used [0x00000000e0d80000,0x00000000e0d80000,0x00000000e0e00000)
 ParOldGen       total 10752K, used 4853K [0x00000000a1400000, 0x00000000a1e80000, 0x00000000e0700000)
  object space 10752K, 45% used [0x00000000a1400000,0x00000000a18bd7e8,0x00000000a1e80000)
 Metaspace       used 7463K, capacity 8244K, committed 8448K, reserved 1056768K
  class space    used 911K, capacity 944K, committed 1024K, reserved 1048576K
Event: 0.433 GC heap after
Heap after GC invocations=7 (full 1):
 PSYoungGen      total 6656K, used 489K [0x00000000e0700000, 0x00000000e0e00000, 0x0000000100000000)
  eden space 6144K, 0% used [0x00000000e0700000,0x00000000e0700000,0x00000000e0d00000)
  from space 512K, 95% used [0x00000000e0d80000,0x00000000e0dfa7e8,0x00000000e0e00000)
  to   space 512K, 0% used [0x00000000e0d00000,0x00000000e0d00000,0x00000000e0d80000)
 ParOldGen       total 10752K, used 7521K [0x00000000a1400000, 0x00000000a1e80000, 0x00000000e0700000)
  object space 10752K, 69% used [0x00000000a1400000,0x00000000a1b58530,0x00000000a1e80000)
 Metaspace       used 7463K, capacity 8244K, committed 8448K, reserved 1056768K
  class space    used 911K, capacity 944K, committed 1024K, reserved 1048576K
}
Event: 0.433 GC heap before
{Heap before GC invocations=8 (full 2):
 PSYoungGen      total 6656K, used 489K [0x00000000e0700000, 0x00000000e0e00000, 0x0000000100000000)
  eden space 6144K, 0% used [0x00000000e0700000,0x00000000e0700000,0x00000000e0d00000)
  from space 512K, 95% used [0x00000000e0d80000,0x00000000e0dfa7e8,0x00000000e0e00000)
  to   space 512K, 0% used [0x00000000e0d00000,0x00000000e0d00000,0x00000000e0d80000)
 ParOldGen       total 10752K, used 7521K [0x00000000a1400000, 0x00000000a1e80000, 0x00000000e0700000)
  object space 10752K, 69% used [0x00000000a1400000,0x00000000a1b58530,0x00000000a1e80000)
 Metaspace       used 7463K, capacity 8244K, committed 8448K, reserved 1056768K
  class space    used 911K, capacity 944K, committed 1024K, reserved 1048576K
Event: 0.453 GC heap after
Heap after GC invocations=8 (full 2):
 PSYoungGen      total 6656K, used 0K [0x00000000e0700000, 0x00000000e0e00000, 0x0000000100000000)
  eden space 6144K, 0% used [0x00000000e0700000,0x00000000e0700000,0x00000000e0d00000)
  from space 512K, 0% used [0x00000000e0d80000,0x00000000e0d80000,0x00000000e0e00000)
  to   space 512K, 0% used [0x00000000e0d00000,0x00000000e0d00000,0x00000000e0d80000)
 ParOldGen       total 15872K, used 6066K [0x00000000a1400000, 0x00000000a2380000, 0x00000000e0700000)
  object space 15872K, 38% used [0x00000000a1400000,0x00000000a19ecba0,0x00000000a2380000)
 Metaspace       used 7463K, capacity 8244K, committed 8448K, reserved 1056768K
  class space    used 911K, capacity 944K, committed 1024K, reserved 1048576K
}

