# JRE version: Java(TM) SE Runtime Environment (8.0_181-b13) (build 1.8.0_181-b13)
# Java VM: Java HotSpot(TM) 64-Bit Server VM (25.181-b13 mixed mode windows-amd64 compressed oops)
Heap:
 PSYoungGen      total 6656K, used 3361K [0x00000000e0700000, 0x00000000e1a00000, 0x0000000100000000)
  eden space 6144K, 54% used [0x00000000e0700000,0x00000000e0a48448,0x00000000e0d00000)
  from space 512K, 0% used [0x00000000e0d00000,0x00000000e0d00000,0x00000000e0d80000)
  to   space 3584K, 0% used [0x00000000e1680000,0x00000000e1680000,0x00000000e1a00000)
 ParOldGen       total 5632K, used 5390K [0x00000000a1400000, 0x00000000a1980000, 0x00000000e0700000)
  object space 5632K, 95% used [0x00000000a1400000,0x00000000a19439a8,0x00000000a1980000)
 Metaspace       used 8368K, capacity 8896K, committed 8960K, reserved 1056768K
  class space    used 997K, capacity 1012K, committed 1024K, reserved 1048576K
GC Heap History (10 events):
Event: 0.331 GC heap before
{Heap before GC invocations=6 (full 1):
 PSYoungGen      total 6656K, used 483K [0x00000000e0700000, 0x00000000e1a00000, 0x0000000100000000)
  eden space 6144K, 0% used [0x00000000e0700000,0x00000000e0700000,0x00000000e0d00000)
  from space 512K, 94% used [0x00000000e0d00000,0x00000000e0d78e38,0x00000000e0d80000)
  to   space 3584K, 0% used [0x00000000e1680000,0x00000000e1680000,0x00000000e1a00000)
 ParOldGen       total 5632K, used 4504K [0x00000000a1400000, 0x00000000a1980000, 0x00000000e0700000)
  object space 5632K, 79% used [0x00000000a1400000,0x00000000a18661f8,0x00000000a1980000)
 Metaspace       used 7312K, capacity 8180K, committed 8448K, reserved 1056768K
  class space    used 893K, capacity 944K, committed 1024K, reserved 1048576K
Event: 0.353 GC heap after
Heap after GC invocations=6 (full 1):
 PSYoungGen      total 6656K, used 0K [0x00000000e0700000, 0x00000000e1a00000, 0x0000000100000000)
  eden space 6144K, 0% used [0x00000000e0700000,0x00000000e0700000,0x00000000e0d00000)
  from space 512K, 0% used [0x00000000e0d00000,0x00000000e0d00000,0x00000000e0d80000)
  to   space 3584K, 0% used [0x00000000e1680000,0x00000000e1680000,0x00000000e1a00000)
 ParOldGen       total 5632K, used 4833K [0x00000000a1400000, 0x00000000a1980000, 0x00000000e0700000)
  object space 5632K, 85% used [0x00000000a1400000,0x00000000a18b8540,0x00000000a1980000)
 Metaspace       used 7312K, capacity 8180K, committed 8448K, reserved 1056768K
  class space    used 893K, capacity 944K, committed 1024K, reserved 1048576K
}
Event: 0.405 GC heap before
{Heap before GC invocations=7 (full 2):
 PSYoungGen      total 6656K, used 6144K [0x00000000e0700000, 0x00000000e1a00000, 0x0000000100000000)
  eden space 6144K, 100% used [0x00000000e0700000,0x00000000e0d00000,0x00000000e0d00000)
  from space 512K, 0% used [0x00000000e0d00000,0x00000000e0d00000,0x00000000e0d80000)
  to   space 3584K, 0% used [0x00000000e1680000,0x00000000e1680000,0x00000000e1a00000)
 ParOldGen       total 5632K, used 4833K [0x00000000a1400000, 0x00000000a1980000, 0x00000000e0700000)
  object space 5632K, 85% used [0x00000000a1400000,0x00000000a18b8540,0x00000000a1980000)
 Metaspace       used 7415K, capacity 8244K, committed 8448K, reserved 1056768K
  class space    used 901K, capacity 944K, committed 1024K, reserved 1048576K
Event: 0.424 GC heap after
Heap after GC invocations=7 (full 2):
 PSYoungGen      total 6656K, used 515K [0x00000000e0700000, 0x00000000e1a00000, 0x0000000100000000)
  eden space 6144K, 8% used [0x00000000e0700000,0x00000000e0780e40,0x00000000e0d00000)
  from space 512K, 0% used [0x00000000e0d00000,0x00000000e0d00000,0x00000000e0d80000)
  to   space 3584K, 0% used [0x00000000e1680000,0x00000000e1680000,0x00000000e1a00000)
 ParOldGen       total 5632K, used 5523K [0x00000000a1400000, 0x00000000a1980000, 0x00000000e0700000)
  object space 5632K, 98% used [0x00000000a1400000,0x00000000a1964d88,0x00000000a1980000)
 Metaspace       used 7415K, capacity 8244K, committed 8448K, reserved 1056768K
  class space    used 901K, capacity 944K, committed 1024K, reserved 1048576K
}
Event: 0.448 GC heap before
{Heap before GC invocations=8 (full 3):
 PSYoungGen      total 6656K, used 6144K [0x00000000e0700000, 0x00000000e1a00000, 0x0000000100000000)
  eden space 6144K, 100% used [0x00000000e0700000,0x00000000e0d00000,0x00000000e0d00000)
  from space 512K, 0% used [0x00000000e0d00000,0x00000000e0d00000,0x00000000e0d80000)
  to   space 3584K, 0% used [0x00000000e1680000,0x00000000e1680000,0x00000000e1a00000)
 ParOldGen       total 5632K, used 5523K [0x00000000a1400000, 0x00000000a1980000, 0x00000000e0700000)
  object space 5632K, 98% used [0x00000000a1400000,0x00000000a1964d88,0x00000000a1980000)
 Metaspace       used 7522K, capacity 8308K, committed 8448K, reserved 1056768K
  class space    used 907K, capacity 944K, committed 1024K, reserved 1048576K
Event: 0.476 GC heap after
Heap after GC invocations=8 (full 3):
 PSYoungGen      total 6656K, used 907K [0x00000000e0700000, 0x00000000e1a00000, 0x0000000100000000)
  eden space 6144K, 14% used [0x00000000e0700000,0x00000000e07e2f60,0x00000000e0d00000)
  from space 512K, 0% used [0x00000000e0d00000,0x00000000e0d00000,0x00000000e0d80000)
  to   space 3584K, 0% used [0x00000000e1680000,0x00000000e1680000,0x00000000e1a00000)
 ParOldGen       total 5632K, used 5518K [0x00000000a1400000, 0x00000000a1980000, 0x00000000e0700000)
  object space 5632K, 97% used [0x00000000a1400000,0x00000000a1963bc8,0x00000000a1980000)
 Metaspace       used 7522K, capacity 8308K, committed 8448K, reserved 1056768K
  class space    used 907K, capacity 944K, committed 1024K, reserved 1048576K
}
Event: 0.480 GC heap before
{Heap before GC invocations=9 (full 4):
 PSYoungGen      total 6656K, used 6144K [0x00000000e0700000, 0x00000000e1a00000, 0x0000000100000000)
  eden space 6144K, 100% used [0x00000000e0700000,0x00000000e0d00000,0x00000000e0d00000)
  from space 512K, 0% used [0x00000000e0d00000,0x00000000e0d00000,0x00000000e0d80000)
  to   space 3584K, 0% used [0x00000000e1680000,0x00000000e1680000,0x00000000e1a00000)
 ParOldGen       total 5632K, used 5518K [0x00000000a1400000, 0x00000000a1980000, 0x00000000e0700000)
  object space 5632K, 97% used [0x00000000a1400000,0x00000000a1963bc8,0x00000000a1980000)
 Metaspace       used 7523K, capacity 8308K, committed 8448K, reserved 1056768K
  class space    used 907K, capacity 944K, committed 1024K, reserved 1048576K
Event: 0.491 GC heap after
Heap after GC invocations=9 (full 4):
 PSYoungGen      total 6656K, used 1054K [0x00000000e0700000, 0x00000000e1a00000, 0x0000000100000000)
  eden space 6144K, 17% used [0x00000000e0700000,0x00000000e0807a90,0x00000000e0d00000)
  from space 512K, 0% used [0x00000000e0d00000,0x00000000e0d00000,0x00000000e0d80000)
  to   space 3584K, 0% used [0x00000000e1680000,0x00000000e1680000,0x00000000e1a00000)
 ParOldGen       total 5632K, used 5518K [0x00000000a1400000, 0x00000000a1980000, 0x00000000e0700000)
  object space 5632K, 97% used [0x00000000a1400000,0x00000000a1963bc8,0x00000000a1980000)
 Metaspace       used 7523K, capacity 8308K, committed 8448K, reserved 1056768K
  class space    used 907K, capacity 944K, committed 1024K, reserved 1048576K
}
Event: 0.552 GC heap before
{Heap before GC invocations=10 (full 5):
 PSYoungGen      total 6656K, used 6144K [0x00000000e0700000, 0x00000000e1a00000, 0x0000000100000000)
  eden space 6144K, 100% used [0x00000000e0700000,0x00000000e0d00000,0x00000000e0d00000)
  from space 512K, 0% used [0x00000000e0d00000,0x00000000e0d00000,0x00000000e0d80000)
  to   space 3584K, 0% used [0x00000000e1680000,0x00000000e1680000,0x00000000e1a00000)
 ParOldGen       total 5632K, used 5518K [0x00000000a1400000, 0x00000000a1980000, 0x00000000e0700000)
  object space 5632K, 97% used [0x00000000a1400000,0x00000000a1963bc8,0x00000000a1980000)
 Metaspace       used 8240K, capacity 8768K, committed 8960K, reserved 1056768K
  class space    used 993K, capacity 1012K, committed 1024K, reserved 1048576K
Event: 0.580 GC heap after
Heap after GC invocations=10 (full 5):
 PSYoungGen      total 6656K, used 2237K [0x00000000e0700000, 0x00000000e1a00000, 0x0000000100000000)
  eden space 6144K, 36% used [0x00000000e0700000,0x00000000e092f4b8,0x00000000e0d00000)
  from space 512K, 0% used [0x00000000e0d00000,0x00000000e0d00000,0x00000000e0d80000)
  to   space 3584K, 0% used [0x00000000e1680000,0x00000000e1680000,0x00000000e1a00000)
 ParOldGen       total 5632K, used 5390K [0x00000000a1400000, 0x00000000a1980000, 0x00000000e0700000)
  object space 5632K, 95% used [0x00000000a1400000,0x00000000a19439a8,0x00000000a1980000)
 Metaspace       used 8240K, capacity 8768K, committed 8960K, reserved 1056768K
  class space    used 993K, capacity 1012K, committed 1024K, reserved 1048576K
}

