# JRE version: Java(TM) SE Runtime Environment (8.0_181-b13) (build 1.8.0_181-b13)
# Java VM: Java HotSpot(TM) 64-Bit Server VM (25.181-b13 mixed mode windows-amd64 compressed oops)
Heap:
 PSYoungGen      total 3584K, used 953K [0x00000000e0700000, 0x00000000e0b00000, 0x0000000100000000)
  eden space 3072K, 31% used [0x00000000e0700000,0x00000000e07ee618,0x00000000e0a00000)
  from space 512K, 0% used [0x00000000e0a00000,0x00000000e0a00000,0x00000000e0a80000)
  to   space 512K, 0% used [0x00000000e0a80000,0x00000000e0a80000,0x00000000e0b00000)
 ParOldGen       total 5632K, used 969K [0x00000000a1400000, 0x00000000a1980000, 0x00000000e0700000)
  object space 5632K, 17% used [0x00000000a1400000,0x00000000a14f2780,0x00000000a1980000)
 Metaspace       used 5361K, capacity 6540K, committed 6656K, reserved 1060864K
  class space    used 676K, capacity 712K, committed 768K, reserved 1048576K
GC Heap History (8 events):
Event: 0.101 GC heap before
{Heap before GC invocations=1 (full 0):
 PSYoungGen      total 2048K, used 1536K [0x00000000e0700000, 0x00000000e0980000, 0x0000000100000000)
  eden space 1536K, 100% used [0x00000000e0700000,0x00000000e0880000,0x00000000e0880000)
  from space 512K, 0% used [0x00000000e0900000,0x00000000e0900000,0x00000000e0980000)
  to   space 512K, 0% used [0x00000000e0880000,0x00000000e0880000,0x00000000e0900000)
 ParOldGen       total 5632K, used 0K [0x00000000a1400000, 0x00000000a1980000, 0x00000000e0700000)
  object space 5632K, 0% used [0x00000000a1400000,0x00000000a1400000,0x00000000a1980000)
 Metaspace       used 3448K, capacity 4812K, committed 5120K, reserved 1056768K
  class space    used 399K, capacity 456K, committed 512K, reserved 1048576K
Event: 0.103 GC heap after
Heap after GC invocations=1 (full 0):
 PSYoungGen      total 2048K, used 480K [0x00000000e0700000, 0x00000000e0b00000, 0x0000000100000000)
  eden space 1536K, 0% used [0x00000000e0700000,0x00000000e0700000,0x00000000e0880000)
  from space 512K, 93% used [0x00000000e0880000,0x00000000e08f8020,0x00000000e0900000)
  to   space 512K, 0% used [0x00000000e0a80000,0x00000000e0a80000,0x00000000e0b00000)
 ParOldGen       total 5632K, used 40K [0x00000000a1400000, 0x00000000a1980000, 0x00000000e0700000)
  object space 5632K, 0% used [0x00000000a1400000,0x00000000a140a000,0x00000000a1980000)
 Metaspace       used 3448K, capacity 4812K, committed 5120K, reserved 1056768K
  class space    used 399K, capacity 456K, committed 512K, reserved 1048576K
}
Event: 0.131 GC heap before
{Heap before GC invocations=2 (full 0):
 PSYoungGen      total 2048K, used 2016K [0x00000000e0700000, 0x00000000e0b00000, 0x0000000100000000)
  eden space 1536K, 100% used [0x00000000e0700000,0x00000000e0880000,0x00000000e0880000)
  from space 512K, 93% used [0x00000000e0880000,0x00000000e08f8020,0x00000000e0900000)
  to   space 512K, 0% used [0x00000000e0a80000,0x00000000e0a80000,0x00000000e0b00000)
 ParOldGen       total 5632K, used 40K [0x00000000a1400000, 0x00000000a1980000, 0x00000000e0700000)
  object space 5632K, 0% used [0x00000000a1400000,0x00000000a140a000,0x00000000a1980000)
 Metaspace       used 4113K, capacity 5388K, committed 5760K, reserved 1056768K
  class space    used 489K, capacity 520K, committed 640K, reserved 1048576K
Event: 0.132 GC heap after
Heap after GC invocations=2 (full 0):
 PSYoungGen      total 3584K, used 480K [0x00000000e0700000, 0x00000000e0b00000, 0x0000000100000000)
  eden space 3072K, 0% used [0x00000000e0700000,0x00000000e0700000,0x00000000e0a00000)
  from space 512K, 93% used [0x00000000e0a80000,0x00000000e0af8020,0x00000000e0b00000)
  to   space 512K, 0% used [0x00000000e0a00000,0x00000000e0a00000,0x00000000e0a80000)
 ParOldGen       total 5632K, used 104K [0x00000000a1400000, 0x00000000a1980000, 0x00000000e0700000)
  object space 5632K, 1% used [0x00000000a1400000,0x00000000a141a000,0x00000000a1980000)
 Metaspace       used 4113K, capacity 5388K, committed 5760K, reserved 1056768K
  class space    used 489K, capacity 520K, committed 640K, reserved 1048576K
}
Event: 0.188 GC heap before
{Heap before GC invocations=3 (full 0):
 PSYoungGen      total 3584K, used 3426K [0x00000000e0700000, 0x00000000e0b00000, 0x0000000100000000)
  eden space 3072K, 95% used [0x00000000e0700000,0x00000000e09e0b28,0x00000000e0a00000)
  from space 512K, 93% used [0x00000000e0a80000,0x00000000e0af8020,0x00000000e0b00000)
  to   space 512K, 0% used [0x00000000e0a00000,0x00000000e0a00000,0x00000000e0a80000)
 ParOldGen       total 5632K, used 104K [0x00000000a1400000, 0x00000000a1980000, 0x00000000e0700000)
  object space 5632K, 1% used [0x00000000a1400000,0x00000000a141a000,0x00000000a1980000)
 Metaspace       used 5075K, capacity 6220K, committed 6400K, reserved 1062912K
  class space    used 624K, capacity 648K, committed 768K, reserved 1048576K
Event: 0.189 GC heap after
Heap after GC invocations=3 (full 0):
 PSYoungGen      total 3584K, used 512K [0x00000000e0700000, 0x00000000e0b00000, 0x0000000100000000)
  eden space 3072K, 0% used [0x00000000e0700000,0x00000000e0700000,0x00000000e0a00000)
  from space 512K, 100% used [0x00000000e0a00000,0x00000000e0a80000,0x00000000e0a80000)
  to   space 512K, 0% used [0x00000000e0a80000,0x00000000e0a80000,0x00000000e0b00000)
 ParOldGen       total 5632K, used 560K [0x00000000a1400000, 0x00000000a1980000, 0x00000000e0700000)
  object space 5632K, 9% used [0x00000000a1400000,0x00000000a148c020,0x00000000a1980000)
 Metaspace       used 5075K, capacity 6220K, committed 6400K, reserved 1062912K
  class space    used 624K, capacity 648K, committed 768K, reserved 1048576K
}
Event: 0.189 GC heap before
{Heap before GC invocations=4 (full 1):
 PSYoungGen      total 3584K, used 512K [0x00000000e0700000, 0x00000000e0b00000, 0x0000000100000000)
  eden space 3072K, 0% used [0x00000000e0700000,0x00000000e0700000,0x00000000e0a00000)
  from space 512K, 100% used [0x00000000e0a00000,0x00000000e0a80000,0x00000000e0a80000)
  to   space 512K, 0% used [0x00000000e0a80000,0x00000000e0a80000,0x00000000e0b00000)
 ParOldGen       total 5632K, used 560K [0x00000000a1400000, 0x00000000a1980000, 0x00000000e0700000)
  object space 5632K, 9% used [0x00000000a1400000,0x00000000a148c020,0x00000000a1980000)
 Metaspace       used 5075K, capacity 6220K, committed 6400K, reserved 1062912K
  class space    used 624K, capacity 648K, committed 768K, reserved 1048576K
Event: 0.195 GC heap after
Heap after GC invocations=4 (full 1):
 PSYoungGen      total 3584K, used 0K [0x00000000e0700000, 0x00000000e0b00000, 0x0000000100000000)
  eden space 3072K, 0% used [0x00000000e0700000,0x00000000e0700000,0x00000000e0a00000)
  from space 512K, 0% used [0x00000000e0a00000,0x00000000e0a00000,0x00000000e0a80000)
  to   space 512K, 0% used [0x00000000e0a80000,0x00000000e0a80000,0x00000000e0b00000)
 ParOldGen       total 5632K, used 969K [0x00000000a1400000, 0x00000000a1980000, 0x00000000e0700000)
  object space 5632K, 17% used [0x00000000a1400000,0x00000000a14f2780,0x00000000a1980000)
 Metaspace       used 5075K, capacity 6220K, committed 6400K, reserved 1060864K
  class space    used 624K, capacity 648K, committed 768K, reserved 1048576K
}

